Build started 9/26/2015 2:42:37 PM.
     1>Project "C:\Users\SimSim314\Documents\GitHub\cuLifeAPI\vectorAdd_vs2010.vcxproj" on node 2 (Build target(s)).
     1>AddCudaCompileDeps:
         C:\Program Files (x86)\Microsoft Visual Studio 11.0\VC\bin\cl.exe /E /nologo /showIncludes /TP /D__CUDACC__ /DWIN32 /DWIN32 /D_MBCS /D_MBCS /I./ /I../../common/inc /I./ /I"C:\Program Files\NVIDIA GPU Computing Toolkit\CUDA\v6.5\/include" /I../../common/inc /I"C:\Program Files\NVIDIA GPU Computing Toolkit\CUDA\v6.5\bin" /I"C:\Program Files\NVIDIA GPU Computing Toolkit\CUDA\v6.5\include" /I. /FIcuda_runtime.h /c C:\Users\SimSim314\Documents\GitHub\cuLifeAPI\RefSrch.cu 
       CudaBuild:
         Compiling CUDA source file RefSrch.cu...
         cmd.exe /C "C:\Users\SimSim314\AppData\Local\Temp\tmpc2a8d313fafb43c6bde43d8cb8a66506.cmd"
         "C:\Program Files\NVIDIA GPU Computing Toolkit\CUDA\v6.5\bin\nvcc.exe" -gencode=arch=compute_11,code=\"sm_11,compute_11\" -gencode=arch=compute_20,code=\"sm_20,compute_20\" -gencode=arch=compute_30,code=\"sm_30,compute_30\" -gencode=arch=compute_35,code=\"sm_35,compute_35\" -gencode=arch=compute_37,code=\"sm_37,compute_37\" -gencode=arch=compute_50,code=\"sm_50,compute_50\" --use-local-env --cl-version 2010 -ccbin "C:\Program Files (x86)\Microsoft Visual Studio 11.0\VC\bin"  -I./ -I../../common/inc -I./ -I"C:\Program Files\NVIDIA GPU Computing Toolkit\CUDA\v6.5\/include" -I../../common/inc -I"C:\Program Files\NVIDIA GPU Computing Toolkit\CUDA\v6.5\include"     --keep-dir Release -maxrregcount=0  --machine 32 --compile -cudart static -Xcompiler "/wd 4819"     -DWIN32 -DWIN32 -D_MBCS -D_MBCS -Xcompiler "/EHsc /W3 /nologo /O2 /Zi  /MT  " -o Win32/Release/RefSrch.cu.obj "C:\Users\SimSim314\Documents\GitHub\cuLifeAPI\RefSrch.cu"
         
         C:\Users\SimSim314\Documents\GitHub\cuLifeAPI>"C:\Program Files\NVIDIA GPU Computing Toolkit\CUDA\v6.5\bin\nvcc.exe" -gencode=arch=compute_11,code=\"sm_11,compute_11\" -gencode=arch=compute_20,code=\"sm_20,compute_20\" -gencode=arch=compute_30,code=\"sm_30,compute_30\" -gencode=arch=compute_35,code=\"sm_35,compute_35\" -gencode=arch=compute_37,code=\"sm_37,compute_37\" -gencode=arch=compute_50,code=\"sm_50,compute_50\" --use-local-env --cl-version 2010 -ccbin "C:\Program Files (x86)\Microsoft Visual Studio 11.0\VC\bin"  -I./ -I../../common/inc -I./ -I"C:\Program Files\NVIDIA GPU Computing Toolkit\CUDA\v6.5\/include" -I../../common/inc -I"C:\Program Files\NVIDIA GPU Computing Toolkit\CUDA\v6.5\include"     --keep-dir Release -maxrregcount=0  --machine 32 --compile -cudart static -Xcompiler "/wd 4819"     -DWIN32 -DWIN32 -D_MBCS -D_MBCS -Xcompiler "/EHsc /W3 /nologo /O2 /Zi  /MT  " -o Win32/Release/RefSrch.cu.obj "C:\Users\SimSim314\Documents\GitHub\cuLifeAPI\RefSrch.cu" 
     1>c:\users\simsim314\documents\github\culifeapi\cuLife.cuh(77): warning : calling a __host__ function("cudaMemcpy") from a __host__ __device__ function("CudaCopyPointerToDevice<LifeIterator> ") is not allowed
     1>c:\users\simsim314\documents\github\culifeapi\cuLife.cuh(25): warning : calling a __host__ function("cudaMemset") from a __host__ __device__ function("CudaNewPointer<unsigned int> ") is not allowed
     1>c:\users\simsim314\documents\github\culifeapi\cuLife.cuh(34): warning : calling a __host__ function("cudaMemset") from a __host__ __device__ function("CudaNewArray<unsigned long long> ") is not allowed
     1>c:\users\simsim314\documents\github\culifeapi\cuLife.cuh(93): warning : calling a __host__ function("cudaMemcpy") from a __host__ __device__ function("CudaCopyArrayToDevice<unsigned long long> ") is not allowed
     1>c:\users\simsim314\documents\github\culifeapi\cuLife.cuh(60): warning : calling a __host__ function("cudaMemcpy") from a __host__ __device__ function("CudaCopyPointerToHost<unsigned int> ") is not allowed
     1>c:\users\simsim314\documents\github\culifeapi\cuLife.cuh(69): warning : calling a __host__ function("cudaMemcpy") from a __host__ __device__ function("CudaCopyArrayToHost<unsigned long long> ") is not allowed
     1>c:\users\simsim314\documents\github\culifeapi\cuLife.cuh(25): warning : calling a __host__ function("cudaMemset") from a __host__ __device__ function("CudaNewPointer<LifeIterator> ") is not allowed
     1>c:\users\simsim314\documents\github\culifeapi\cuLife.cuh(311): warning : calling a __host__ function("printf") from a __host__ __device__ function("Print") is not allowed
     1>c:\users\simsim314\documents\github\culifeapi\cuLife.cuh(313): warning : calling a __host__ function("printf") from a __host__ __device__ function("Print") is not allowed
     1>c:\users\simsim314\documents\github\culifeapi\cuLife.cuh(315): warning : calling a __host__ function("printf") from a __host__ __device__ function("Print") is not allowed
     1>c:\users\simsim314\documents\github\culifeapi\cuLife.cuh(317): warning : calling a __host__ function("printf") from a __host__ __device__ function("Print") is not allowed
     1>c:\users\simsim314\documents\github\culifeapi\cuLife.cuh(320): warning : calling a __host__ function("printf") from a __host__ __device__ function("Print") is not allowed
     1>c:\users\simsim314\documents\github\culifeapi\cuLife.cuh(322): warning : calling a __host__ function("printf") from a __host__ __device__ function("Print") is not allowed
     1>c:\users\simsim314\documents\github\culifeapi\cuLife.cuh(325): warning : calling a __host__ function("printf") from a __host__ __device__ function("Print") is not allowed
     1>c:\users\simsim314\documents\github\culifeapi\cuLife.cuh(49) (col. 8) : warning : calling a __host__ function("malloc") from a __host__ __device__ function("HostNewArray<unsigned long long> ") is not allowed
     1>c:\users\simsim314\documents\github\culifeapi\cuLife.cuh(41) (col. 8) : warning : calling a __host__ function("malloc") from a __host__ __device__ function("HostNewPointer<LifeIterator> ") is not allowed
     1>c:\users\simsim314\documents\github\culifeapi\cuLife.cuh(77): warning : calling a __host__ function("cudaMemcpy") from a __host__ __device__ function("CudaCopyPointerToDevice<LifeIterator> ") is not allowed
     1>c:\users\simsim314\documents\github\culifeapi\cuLife.cuh(24): warning : calling a __host__ function("cudaMalloc") from a __host__ __device__ function("CudaNewPointer<unsigned int> ") is not allowed
     1>c:\users\simsim314\documents\github\culifeapi\cuLife.cuh(25): warning : calling a __host__ function("cudaMemset") from a __host__ __device__ function("CudaNewPointer<unsigned int> ") is not allowed
     1>c:\users\simsim314\documents\github\culifeapi\cuLife.cuh(33): warning : calling a __host__ function("cudaMalloc") from a __host__ __device__ function("CudaNewArray<unsigned long long> ") is not allowed
     1>c:\users\simsim314\documents\github\culifeapi\cuLife.cuh(34): warning : calling a __host__ function("cudaMemset") from a __host__ __device__ function("CudaNewArray<unsigned long long> ") is not allowed
     1>c:\users\simsim314\documents\github\culifeapi\cuLife.cuh(93): warning : calling a __host__ function("cudaMemcpy") from a __host__ __device__ function("CudaCopyArrayToDevice<unsigned long long> ") is not allowed
     1>c:\users\simsim314\documents\github\culifeapi\cuLife.cuh(59): warning : calling a __host__ function("malloc") from a __host__ __device__ function("CudaCopyPointerToHost<unsigned int> ") is not allowed
     1>c:\users\simsim314\documents\github\culifeapi\cuLife.cuh(60): warning : calling a __host__ function("cudaMemcpy") from a __host__ __device__ function("CudaCopyPointerToHost<unsigned int> ") is not allowed
     1>c:\users\simsim314\documents\github\culifeapi\cuLife.cuh(68): warning : calling a __host__ function("malloc") from a __host__ __device__ function("CudaCopyArrayToHost<unsigned long long> ") is not allowed
     1>c:\users\simsim314\documents\github\culifeapi\cuLife.cuh(69): warning : calling a __host__ function("cudaMemcpy") from a __host__ __device__ function("CudaCopyArrayToHost<unsigned long long> ") is not allowed
     1>c:\users\simsim314\documents\github\culifeapi\cuLife.cuh(24): warning : calling a __host__ function("cudaMalloc") from a __host__ __device__ function("CudaNewPointer<LifeIterator> ") is not allowed
     1>c:\users\simsim314\documents\github\culifeapi\cuLife.cuh(25): warning : calling a __host__ function("cudaMemset") from a __host__ __device__ function("CudaNewPointer<LifeIterator> ") is not allowed
     1>c:\users\simsim314\documents\github\culifeapi\cuLife.cuh(77): warning : calling a __host__ function("cudaMemcpy") from a __host__ __device__ function("CudaCopyPointerToDevice<LifeIterator> ") is not allowed
     1>c:\users\simsim314\documents\github\culifeapi\cuLife.cuh(24): warning : calling a __host__ function("cudaMalloc") from a __host__ __device__ function("CudaNewPointer<unsigned int> ") is not allowed
     1>c:\users\simsim314\documents\github\culifeapi\cuLife.cuh(25): warning : calling a __host__ function("cudaMemset") from a __host__ __device__ function("CudaNewPointer<unsigned int> ") is not allowed
     1>c:\users\simsim314\documents\github\culifeapi\cuLife.cuh(33): warning : calling a __host__ function("cudaMalloc") from a __host__ __device__ function("CudaNewArray<unsigned long long> ") is not allowed
     1>c:\users\simsim314\documents\github\culifeapi\cuLife.cuh(34): warning : calling a __host__ function("cudaMemset") from a __host__ __device__ function("CudaNewArray<unsigned long long> ") is not allowed
     1>c:\users\simsim314\documents\github\culifeapi\cuLife.cuh(93): warning : calling a __host__ function("cudaMemcpy") from a __host__ __device__ function("CudaCopyArrayToDevice<unsigned long long> ") is not allowed
     1>c:\users\simsim314\documents\github\culifeapi\cuLife.cuh(60): warning : calling a __host__ function("cudaMemcpy") from a __host__ __device__ function("CudaCopyPointerToHost<unsigned int> ") is not allowed
     1>c:\users\simsim314\documents\github\culifeapi\cuLife.cuh(69): warning : calling a __host__ function("cudaMemcpy") from a __host__ __device__ function("CudaCopyArrayToHost<unsigned long long> ") is not allowed
     1>c:\users\simsim314\documents\github\culifeapi\cuLife.cuh(24): warning : calling a __host__ function("cudaMalloc") from a __host__ __device__ function("CudaNewPointer<LifeIterator> ") is not allowed
     1>c:\users\simsim314\documents\github\culifeapi\cuLife.cuh(25): warning : calling a __host__ function("cudaMemset") from a __host__ __device__ function("CudaNewPointer<LifeIterator> ") is not allowed
     1>c:\users\simsim314\documents\github\culifeapi\cuLife.cuh(77): warning : calling a __host__ function("cudaMemcpy") from a __host__ __device__ function("CudaCopyPointerToDevice<LifeIterator> ") is not allowed
     1>c:\users\simsim314\documents\github\culifeapi\cuLife.cuh(24): warning : calling a __host__ function("cudaMalloc") from a __host__ __device__ function("CudaNewPointer<unsigned int> ") is not allowed
     1>c:\users\simsim314\documents\github\culifeapi\cuLife.cuh(25): warning : calling a __host__ function("cudaMemset") from a __host__ __device__ function("CudaNewPointer<unsigned int> ") is not allowed
     1>c:\users\simsim314\documents\github\culifeapi\cuLife.cuh(33): warning : calling a __host__ function("cudaMalloc") from a __host__ __device__ function("CudaNewArray<unsigned long long> ") is not allowed
     1>c:\users\simsim314\documents\github\culifeapi\cuLife.cuh(34): warning : calling a __host__ function("cudaMemset") from a __host__ __device__ function("CudaNewArray<unsigned long long> ") is not allowed
     1>c:\users\simsim314\documents\github\culifeapi\cuLife.cuh(93): warning : calling a __host__ function("cudaMemcpy") from a __host__ __device__ function("CudaCopyArrayToDevice<unsigned long long> ") is not allowed
     1>c:\users\simsim314\documents\github\culifeapi\cuLife.cuh(60): warning : calling a __host__ function("cudaMemcpy") from a __host__ __device__ function("CudaCopyPointerToHost<unsigned int> ") is not allowed
     1>c:\users\simsim314\documents\github\culifeapi\cuLife.cuh(69): warning : calling a __host__ function("cudaMemcpy") from a __host__ __device__ function("CudaCopyArrayToHost<unsigned long long> ") is not allowed
     1>c:\users\simsim314\documents\github\culifeapi\cuLife.cuh(24): warning : calling a __host__ function("cudaMalloc") from a __host__ __device__ function("CudaNewPointer<LifeIterator> ") is not allowed
     1>c:\users\simsim314\documents\github\culifeapi\cuLife.cuh(25): warning : calling a __host__ function("cudaMemset") from a __host__ __device__ function("CudaNewPointer<LifeIterator> ") is not allowed
     1>c:\users\simsim314\documents\github\culifeapi\cuLife.cuh(77): warning : calling a __host__ function("cudaMemcpy") from a __host__ __device__ function("CudaCopyPointerToDevice<LifeIterator> ") is not allowed
     1>c:\users\simsim314\documents\github\culifeapi\cuLife.cuh(25): warning : calling a __host__ function("cudaMemset") from a __host__ __device__ function("CudaNewPointer<unsigned int> ") is not allowed
     1>c:\users\simsim314\documents\github\culifeapi\cuLife.cuh(34): warning : calling a __host__ function("cudaMemset") from a __host__ __device__ function("CudaNewArray<unsigned long long> ") is not allowed
     1>c:\users\simsim314\documents\github\culifeapi\cuLife.cuh(93): warning : calling a __host__ function("cudaMemcpy") from a __host__ __device__ function("CudaCopyArrayToDevice<unsigned long long> ") is not allowed
     1>c:\users\simsim314\documents\github\culifeapi\cuLife.cuh(60): warning : calling a __host__ function("cudaMemcpy") from a __host__ __device__ function("CudaCopyPointerToHost<unsigned int> ") is not allowed
     1>c:\users\simsim314\documents\github\culifeapi\cuLife.cuh(69): warning : calling a __host__ function("cudaMemcpy") from a __host__ __device__ function("CudaCopyArrayToHost<unsigned long long> ") is not allowed
     1>c:\users\simsim314\documents\github\culifeapi\cuLife.cuh(25): warning : calling a __host__ function("cudaMemset") from a __host__ __device__ function("CudaNewPointer<LifeIterator> ") is not allowed
     1>c:\users\simsim314\documents\github\culifeapi\cuLife.cuh(77): warning : calling a __host__ function("cudaMemcpy") from a __host__ __device__ function("CudaCopyPointerToDevice<LifeIterator> ") is not allowed
     1>c:\users\simsim314\documents\github\culifeapi\cuLife.cuh(25): warning : calling a __host__ function("cudaMemset") from a __host__ __device__ function("CudaNewPointer<unsigned int> ") is not allowed
     1>c:\users\simsim314\documents\github\culifeapi\cuLife.cuh(34): warning : calling a __host__ function("cudaMemset") from a __host__ __device__ function("CudaNewArray<unsigned long long> ") is not allowed
     1>c:\users\simsim314\documents\github\culifeapi\cuLife.cuh(93): warning : calling a __host__ function("cudaMemcpy") from a __host__ __device__ function("CudaCopyArrayToDevice<unsigned long long> ") is not allowed
     1>c:\users\simsim314\documents\github\culifeapi\cuLife.cuh(60): warning : calling a __host__ function("cudaMemcpy") from a __host__ __device__ function("CudaCopyPointerToHost<unsigned int> ") is not allowed
     1>c:\users\simsim314\documents\github\culifeapi\cuLife.cuh(69): warning : calling a __host__ function("cudaMemcpy") from a __host__ __device__ function("CudaCopyArrayToHost<unsigned long long> ") is not allowed
     1>c:\users\simsim314\documents\github\culifeapi\cuLife.cuh(25): warning : calling a __host__ function("cudaMemset") from a __host__ __device__ function("CudaNewPointer<LifeIterator> ") is not allowed
     1>CUDACOMPILE : nvcc warning : The 'compute_11', 'compute_12', 'compute_13', 'sm_11', 'sm_12', and 'sm_13' architectures are deprecated, and may be removed in a future release.
         RefSrch.cu
     1>c:\users\simsim314\documents\github\culifeapi\cuLife.cuh(365): warning C4068: unknown pragma
     1>c:\users\simsim314\documents\github\culifeapi\cuLife.cuh(378): warning C4068: unknown pragma
     1>C:/Users/SimSim314/Documents/GitHub/cuLifeAPI/RefSrch.cu(89): warning C4244: 'initializing' : conversion from 'uint64_t' to 'long', possible loss of data
       Link:
         C:\Program Files (x86)\Microsoft Visual Studio 11.0\VC\bin\link.exe /ERRORREPORT:PROMPT /OUT:"win32/Release//RefSrch.exe" /NOLOGO /LIBPATH:"C:\Program Files\NVIDIA GPU Computing Toolkit\CUDA\v6.5\lib\Win32" cudart_static.lib kernel32.lib user32.lib gdi32.lib winspool.lib comdlg32.lib advapi32.lib shell32.lib ole32.lib oleaut32.lib uuid.lib odbc32.lib odbccp32.lib kernel32.lib user32.lib gdi32.lib winspool.lib comdlg32.lib advapi32.lib shell32.lib ole32.lib oleaut32.lib uuid.lib odbc32.lib odbccp32.lib /MANIFEST /MANIFESTUAC:"level='asInvoker' uiAccess='false'" /manifest:embed /PDB:"win32/Release/RefSrch.pdb" /SUBSYSTEM:CONSOLE /LTCG /TLBID:1 /DYNAMICBASE /NXCOMPAT /IMPLIB:"win32/Release/RefSrch.lib" /MACHINE:X86 /SAFESEH Win32/Release/RefSrch.cu.obj
            Creating library win32/Release/RefSrch.lib and object win32/Release/RefSrch.exp
         LINK : /LTCG specified but no code generation required; remove /LTCG from the link command line to improve linker performance
         vectorAdd_vs2010.vcxproj -> C:\Users\SimSim314\Documents\GitHub\cuLifeAPI\win32/Release/RefSrch.exe
     1>Done Building Project "C:\Users\SimSim314\Documents\GitHub\cuLifeAPI\vectorAdd_vs2010.vcxproj" (Build target(s)).

Build succeeded.

Time Elapsed 00:00:18.59
